<?xml version="1.0" encoding="UTF-8"?>
<!-- Generated by org.testng.reporters.JUnitReportReporter -->
<testsuite hostname="LAPTOP-0GM7ND46" failures="0" tests="1" name="testNG_test_scripts.TestNG_for_Installation" time="2.331" errors="0" timestamp="2023-04-03T17:35:29 IST" skipped="0">
  <testcase classname="testNG_test_scripts.TestNG_for_Installation" name="Page" time="2.331"/>
  <system-out/>
</testsuite> <!-- testNG_test_scripts.TestNG_for_Installation -->
