<?xml version="1.0" encoding="UTF-8"?>
<!-- Generated by org.testng.reporters.JUnitReportReporter -->
<testsuite hostname="LAPTOP-0GM7ND46" failures="0" tests="1" name="testNG_test_scripts.TestNG_Installation" time="2.984" errors="0" timestamp="2023-03-31T13:48:12 IST" skipped="0">
  <testcase classname="testNG_test_scripts.TestNG_Installation" name="verifyPageTitle" time="2.984"/>
  <system-out/>
</testsuite> <!-- testNG_test_scripts.TestNG_Installation -->
