<?xml version="1.0" encoding="UTF-8"?>
<!-- Generated by org.testng.reporters.JUnitReportReporter -->
<testsuite hostname="LAPTOP-0GM7ND46" failures="0" tests="1" name="testNG_test_scripts.TestNG_for_XML" time="6.033" errors="0" timestamp="2023-04-03T17:37:01 IST" skipped="0">
  <testcase classname="testNG_test_scripts.TestNG_for_XML" name="TestCase_for_xml_topic" time="6.033"/>
  <system-out/>
</testsuite> <!-- testNG_test_scripts.TestNG_for_XML -->
